<?xml version="1.0" encoding="UTF-8"?>
<!-- Generated by org.testng.reporters.JUnitReportReporter -->
<testsuite hostname="Escha" failures="0" tests="9" name="testng.PararelTestNG2" time="0.009" errors="0" timestamp="2025-02-16T10:02:43 ICT" skipped="0">
  <testcase classname="testng.PararelTestNG2" name="scenariotest3" time="0.001"/>
  <testcase classname="testng.PararelTestNG2" name="scenariotest2" time="0.001"/>
  <testcase classname="testng.PararelTestNG2" name="scenariotest4" time="0.001"/>
  <testcase classname="testng.PararelTestNG2" name="dataTestScenario" time="0.003"/>
  <testcase classname="testng.PararelTestNG2" name="scenariotest5" time="0.001"/>
  <testcase classname="testng.PararelTestNG2" name="dataTestScenario" time="0.000"/>
  <testcase classname="testng.PararelTestNG2" name="checkoutBarang" time="0.001"/>
  <testcase classname="testng.PararelTestNG2" name="dataTestScenario" time="0.001"/>
  <testcase classname="testng.PararelTestNG2" name="scenariotest1" time="0.000"/>
</testsuite> <!-- testng.PararelTestNG2 -->
